<?xml version="1.0" encoding="utf-8"?><testsuites name="pytest tests"><testsuite name="pytest" errors="0" failures="0" skipped="0" tests="20" time="7.194" timestamp="2026-07-05T14:24:57.451831+00:00" hostname="agent-env-9201a8ec-a99b-4dfa-b19c-3344139a6e29"><testcase classname="tests.backend_test.TestPublic" name="test_root" time="0.362" /><testcase classname="tests.backend_test.TestAuth" name="test_login_success" time="0.877" /><testcase classname="tests.backend_test.TestPublic" name="test_list_posts" time="0.532" /><testcase classname="tests.backend_test.TestAuth" name="test_login_wrong_password" time="0.489" /><testcase classname="tests.backend_test.TestPublic" name="test_list_players_sorted_by_points" time="0.478" /><testcase classname="tests.backend_test.TestPublic" name="test_list_matches" time="0.100" /><testcase classname="tests.backend_test.TestAuth" name="test_login_unknown_email" time="0.069" /><testcase classname="tests.backend_test.TestAuth" name="test_me_requires_token" time="0.048" /><testcase classname="tests.backend_test.TestPublic" name="test_list_tournaments" time="0.084" /><testcase classname="tests.backend_test.TestPublic" name="test_ranking_aggregates" time="0.438" /><testcase classname="tests.backend_test.TestAuth" name="test_me_valid" time="0.554" /><testcase classname="tests.backend_test.TestProtected" name="test_admin_endpoints_reject_no_token[post-/admin/posts-body0]" time="0.414" /><testcase classname="tests.backend_test.TestPostsCRUD" name="test_create_update_delete_persistence" time="1.033" /><testcase classname="tests.backend_test.TestProtected" name="test_admin_endpoints_reject_no_token[post-/admin/players-body1]" time="0.063" /><testcase classname="tests.backend_test.TestProtected" name="test_admin_endpoints_reject_no_token[post-/admin/matches-body2]" time="0.060" /><testcase classname="tests.backend_test.TestProtected" name="test_admin_endpoints_reject_no_token[post-/admin/tournaments-body3]" time="0.055" /><testcase classname="tests.backend_test.TestProtected" name="test_admin_endpoints_reject_no_token[delete-/admin/posts/000000000000000000000000-None]" time="0.055" /><testcase classname="tests.backend_test.TestTournamentsCRUD" name="test_create_updates_ranking" time="0.530" /><testcase classname="tests.backend_test.TestPlayersCRUD" name="test_create_update_delete" time="0.365" /><testcase classname="tests.backend_test.TestMatchesCRUD" name="test_create_update_delete" time="0.318" /></testsuite></testsuites>